<?xml version="1.0" encoding="UTF-8"?>
<!-- Generated by org.testng.reporters.JUnitReportReporter -->
<testsuite hostname="Rajesh" failures="0" tests="1" name="practice.P1" time="0.015" errors="0" timestamp="2023-07-07T17:20:16 IST" skipped="0">
  <testcase classname="practice.P1" name="main" time="0.015"/>
</testsuite> <!-- practice.P1 -->
