<?xml version="1.0" encoding="UTF-8"?>
<!-- Generated by org.testng.reporters.JUnitReportReporter -->
<testsuite hostname="Rajesh" failures="0" tests="3" name="practice.DP1Test" time="0.024" errors="0" timestamp="2023-07-06T13:33:29 IST" skipped="0">
  <testcase classname="practice.DP1Test" name="useData" time="0.009"/>
  <testcase classname="practice.DP1Test" name="useData" time="0.012"/>
  <testcase classname="practice.DP1Test" name="useData" time="0.003"/>
</testsuite> <!-- practice.DP1Test -->
