<?xml version="1.0" encoding="UTF-8"?>
<!-- Generated by org.testng.reporters.JUnitReportReporter -->
<testsuite hostname="Rajesh" failures="0" tests="1" name="greentrade.crm.testNg.Practice" time="0.015" errors="0" timestamp="2023-07-05T15:18:49 IST" skipped="0">
  <testcase classname="greentrade.crm.testNg.Practice" name="sheela" time="0.015"/>
  <system-out/>
</testsuite> <!-- greentrade.crm.testNg.Practice -->
