<?xml version="1.0" encoding="UTF-8"?>
<!-- Generated by org.testng.reporters.JUnitReportReporter -->
<testsuite hostname="Rajesh" failures="0" tests="6" name="practice.DP2Test" time="0.118" errors="0" timestamp="2023-07-07T13:25:13 IST" skipped="0">
  <testcase classname="practice.DP2Test" name="ecelTest" time="0.033"/>
  <testcase classname="practice.DP2Test" name="ecelTest" time="0.012"/>
  <testcase classname="practice.DP2Test" name="ecelTest" time="0.005"/>
  <testcase classname="practice.DP2Test" name="ecelTest" time="0.020"/>
  <testcase classname="practice.DP2Test" name="ecelTest" time="0.023"/>
  <testcase classname="practice.DP2Test" name="ecelTest" time="0.025"/>
</testsuite> <!-- practice.DP2Test -->
